Wed Sep  7 02:07:25 PDT 2022
genome-workhorse0.priv
Global ref name is GRCh38
[root:INFO]	Commandline: /home/jluebeck/dev/AmpliconArchitect/src/AmpliconArchitect.py --ref GRCh38 --downsample 10 --bed /nucleus/projects/cancer_cell_lines/WGS/Contino_EAC_cell_lines/AA_outputs/CP-D/CP-D_AA_CNV_SEEDS.bed --bam /nucleus/projects/cancer_cell_lines/WGS/Contino_EAC_cell_lines/align_and_cnv/ERR1414282/ERR1414282.cs.rmdup.bam --runmode FULL --extendmode EXPLORE --insert_sdevs 3.0 --out /nucleus/projects/cancer_cell_lines/WGS/Contino_EAC_cell_lines/AA_outputs/CP-D/CP-D_AA_results//CP-D 
[root:INFO]	AmpliconArchitect version 1.3.r1

[root:INFO]	Python version 2.7.12 (default, Mar  1 2021, 11:38:31) 
[GCC 5.4.0 20160609]

[root:INFO]	#TIME 0.268	Loading libraries and reference annotations for: GRCh38
Global ref name is GRCh38
[root:INFO]	#TIME 2.805	Initiating bam_to_breakpoint object for: /nucleus/projects/cancer_cell_lines/WGS/Contino_EAC_cell_lines/align_and_cnv/ERR1414282/ERR1414282.cs.rmdup.bam
[root:INFO]	#TIME 2.807	Reusing cstats from /nucleus/libs/AmpliconArchitect/release/indexed/coverage.stats
[root:INFO]	#TIME 2.809	Interval sets for amplicons determined: 
[root:INFO]	#TIME 2.810	Total Runtime
AmpliconClassifier 0.4.11
/home/jluebeck/ecDNA/AmpliconClassifier/amplicon_classifier.py -i /nucleus/projects/cancer_cell_lines/WGS/Contino_EAC_cell_lines/AA_outputs/CP-D/CP-D_classification/CP-D.input --ref GRCh38 -o /nucleus/projects/cancer_cell_lines/WGS/Contino_EAC_cell_lines/AA_outputs/CP-D/CP-D_classification/CP-D --report_complexity
reading /nucleus/libs/AmpliconArchitect/release/indexed//GRCh38/Genes_hg38.gff
read 22998 genes

Classification stage completed
Writing outputs...
done
2022-09-07 02:07:26.003052
PrepareAA version 0.1203.12

Matched /nucleus/projects/cancer_cell_lines/WGS/Contino_EAC_cell_lines/align_and_cnv/ERR1414282/ERR1414282.cs.rmdup.bam to reference genome GRCh38
Running PrepareAA on sample: CP-D
/nucleus/projects/cancer_cell_lines/WGS/Contino_EAC_cell_lines/align_and_cnv/ERR1414282/ERR1414282.cs.rmdup.bam: 1270495780 + 0 properly paired (98.29%:-nan%)

Running amplified_intervals
python /home/jluebeck/dev/AmpliconArchitect/src/amplified_intervals.py --ref GRCh38 --bed /nucleus/projects/cancer_cell_lines/WGS/Contino_EAC_cell_lines/AA_outputs/CP-D//ERR1414282.cs.rmdup_CNV_CALLS_pre_filtered.bed --bam /nucleus/projects/cancer_cell_lines/WGS/Contino_EAC_cell_lines/align_and_cnv/ERR1414282/ERR1414282.cs.rmdup.bam --gain 4.5 --cnsize_min 50000 --out /nucleus/projects/cancer_cell_lines/WGS/Contino_EAC_cell_lines/AA_outputs/CP-D/CP-D_AA_CNV_SEEDS
python /home/jluebeck/dev/AmpliconArchitect/src/AmpliconArchitect.py --ref GRCh38 --downsample 10 --bed /nucleus/projects/cancer_cell_lines/WGS/Contino_EAC_cell_lines/AA_outputs/CP-D/CP-D_AA_CNV_SEEDS.bed --bam /nucleus/projects/cancer_cell_lines/WGS/Contino_EAC_cell_lines/align_and_cnv/ERR1414282/ERR1414282.cs.rmdup.bam --runmode FULL --extendmode EXPLORE --insert_sdevs 3.0 --out /nucleus/projects/cancer_cell_lines/WGS/Contino_EAC_cell_lines/AA_outputs/CP-D/CP-D_AA_results//CP-D

Running AC
/home/jluebeck/ecDNA/AmpliconClassifier/make_input.sh /nucleus/projects/cancer_cell_lines/WGS/Contino_EAC_cell_lines/AA_outputs/CP-D/CP-D_AA_results/ /nucleus/projects/cancer_cell_lines/WGS/Contino_EAC_cell_lines/AA_outputs/CP-D/CP-D_classification/CP-D
python3 /home/jluebeck/ecDNA/AmpliconClassifier/amplicon_classifier.py -i /nucleus/projects/cancer_cell_lines/WGS/Contino_EAC_cell_lines/AA_outputs/CP-D/CP-D_classification/CP-D.input --ref GRCh38 -o /nucleus/projects/cancer_cell_lines/WGS/Contino_EAC_cell_lines/AA_outputs/CP-D/CP-D_classification/CP-D --report_complexity
python3 /home/jluebeck/ecDNA/AmpliconClassifier/make_results_table.py -i /nucleus/projects/cancer_cell_lines/WGS/Contino_EAC_cell_lines/AA_outputs/CP-D/CP-D_classification/CP-D.input --classification_file /nucleus/projects/cancer_cell_lines/WGS/Contino_EAC_cell_lines/AA_outputs/CP-D/CP-D_classification/CP-D_amplicon_classification_profiles.tsv --cnv_bed /nucleus/projects/cancer_cell_lines/WGS/Contino_EAC_cell_lines/AA_outputs/CP-D/ERR1414282.cs.rmdup_CNV_CALLS.bed --metadata_dict /nucleus/projects/cancer_cell_lines/WGS/Contino_EAC_cell_lines/AA_outputs/CP-D/CP-D_run_metadata.json
Completed

2022-09-07 02:27:32.094419
Wed Sep  7 02:27:32 PDT 2022
