Wed Sep  7 01:11:59 PDT 2022
genome-workhorse0.priv
Global ref name is GRCh38
[root:INFO]	Commandline: /home/jluebeck/dev/AmpliconArchitect/src/AmpliconArchitect.py --ref GRCh38 --downsample 10 --bed /nucleus/projects/cancer_cell_lines/WGS/Contino_EAC_cell_lines/AA_outputs/SK-GT-4/SK-GT-4_AA_CNV_SEEDS.bed --bam /nucleus/projects/cancer_cell_lines/WGS/Contino_EAC_cell_lines/align_and_cnv/ERR1414283/ERR1414283.cs.rmdup.bam --runmode FULL --extendmode EXPLORE --insert_sdevs 3.0 --out /nucleus/projects/cancer_cell_lines/WGS/Contino_EAC_cell_lines/AA_outputs/SK-GT-4/SK-GT-4_AA_results//SK-GT-4 
[root:INFO]	AmpliconArchitect version 1.3.r1

[root:INFO]	Python version 2.7.12 (default, Mar  1 2021, 11:38:31) 
[GCC 5.4.0 20160609]

[root:INFO]	#TIME 0.286	Loading libraries and reference annotations for: GRCh38
Global ref name is GRCh38
[root:INFO]	#TIME 3.456	Initiating bam_to_breakpoint object for: /nucleus/projects/cancer_cell_lines/WGS/Contino_EAC_cell_lines/align_and_cnv/ERR1414283/ERR1414283.cs.rmdup.bam
[root:INFO]	#TIME 3.468	Reusing cstats from /nucleus/libs/AmpliconArchitect/release/indexed/coverage.stats
[root:INFO]	#TIME 3.472	Exploring interval: chr14	31931996	32001998
[root:INFO]	#TIME 104.880	 Calculating coverage meanshift segmentation
[root:INFO]	#TIME 296.130	 Detecting breakpoint edges (interval neighbors)
[root:INFO]	#TIME 304.736	 Selecting neighbors
[root:INFO]	#TIME 312.037	 New neighbor: chr14	31605485	31636020	28 (weight=28)
[root:INFO]	#TIME 312.891	 Calculating coverage meanshift segmentation
[root:INFO]	#TIME 313.927	 Detecting breakpoint edges (interval neighbors)
[root:INFO]	#TIME 321.235	 Selecting neighbors
[root:INFO]	#TIME 413.229	 New neighbor: chr11	132482380	132492915	12 (weight=12)
[root:INFO]	#TIME 416.056	 Calculating coverage meanshift segmentation
[root:INFO]	#TIME 476.011	 Detecting breakpoint edges (interval neighbors)
[root:INFO]	#TIME 478.950	 Selecting neighbors
[root:INFO]	#TIME 478.952	Exploring interval: chr14	32657012	37167117
[root:INFO]	#TIME 489.636	 Calculating coverage meanshift segmentation
[root:INFO]	#TIME 839.074	 Detecting breakpoint edges (interval neighbors)
[root:INFO]	#TIME 1030.512	 Selecting neighbors
[root:INFO]	#TIME 1046.974	 New neighbor: chr14	28268211	28288747	17 (weight=17)
[root:INFO]	#TIME 1046.975	 New neighbor: chr14	38286555	38307091	20 (weight=20)
[root:INFO]	#TIME 1046.975	 New neighbor: chr14	45862316	46787338	23 (weight=23)
[root:INFO]	#TIME 1047.430	 Calculating coverage meanshift segmentation
[root:INFO]	#TIME 1053.959	 Detecting breakpoint edges (interval neighbors)
[root:INFO]	#TIME 1057.510	 Selecting neighbors
[root:INFO]	#TIME 1057.712	 Calculating coverage meanshift segmentation
[root:INFO]	#TIME 1074.885	 Detecting breakpoint edges (interval neighbors)
[root:INFO]	#TIME 1079.359	 Selecting neighbors
[root:INFO]	#TIME 1079.361	Exploring interval: chr14	45862316	46787338
[root:INFO]	#TIME 1084.579	 Calculating coverage meanshift segmentation
[root:INFO]	#TIME 1243.624	 Detecting breakpoint edges (interval neighbors)
[root:INFO]	#TIME 1290.776	 Selecting neighbors
[root:INFO]	#TIME 1365.143	 New neighbor: chr14	28268211	28288747	30 (weight=30)
[root:INFO]	#TIME 1365.144	 New neighbor: chr14	32637012	37187117	23 (weight=23)
[root:INFO]	#TIME 1365.145	 New neighbor: chr14	38397014	38607549	21 (weight=21)
[root:INFO]	#TIME 1365.753	 Calculating coverage meanshift segmentation
[root:INFO]	#TIME 1366.083	 Detecting breakpoint edges (interval neighbors)
[root:INFO]	#TIME 1374.883	 Selecting neighbors
[root:INFO]	#TIME 1375.798	Interval sets for amplicons determined: 
[root:INFO]	[amplicon1]	chr11:132482380-132492915,chr14:31605485-31636020,chr14:31911996-32101998
[root:INFO]	[amplicon2]	chr14:28268211-28288747,chr14:32637012-37187117,chr14:38286555-38307091,chr14:38397014-38607549,chr14:45852316-46807338
[root:INFO]	#TIME 1375.803	Reconstructing amplicon1
[root:INFO]	#TIME 1375.804	 Calculating coverage meanshift segmentation
[root:INFO]	#TIME 1375.878	 Detecting breakpoint edges (interval filter vertices)
[root:INFO]	#TIME 1394.075	 Building breakpoint graph
[root:INFO]	#TIME 1394.818	 Optimizing graph copy number flow
[root:INFO]	#TIME 1403.751	 Plotting SV View
[root:INFO]	#TIME 1403.849	Plotting SV View for amplicon1
/usr/local/lib/python2.7/dist-packages/matplotlib/font_manager.py:1331: UserWarning: findfont: Font family [u'sans-serif'] not found. Falling back to DejaVu Sans
  (prop.get_family(), self.defaultFamily[fontext]))
[root:INFO]	#TIME 1479.469	Reconstructing amplicon2
[root:INFO]	#TIME 1479.471	 Calculating coverage meanshift segmentation
[root:INFO]	#TIME 1479.547	 Detecting breakpoint edges (interval filter vertices)
[root:INFO]	#TIME 1736.803	 Building breakpoint graph
[root:INFO]	#TIME 1743.398	 Optimizing graph copy number flow
[root:INFO]	#TIME 2004.662	 Plotting SV View
[root:INFO]	#TIME 2012.678	Plotting SV View for amplicon2
[root:INFO]	#TIME 2332.382	Total Runtime
AmpliconClassifier 0.4.11
/home/jluebeck/ecDNA/AmpliconClassifier/amplicon_classifier.py -i /nucleus/projects/cancer_cell_lines/WGS/Contino_EAC_cell_lines/AA_outputs/SK-GT-4/SK-GT-4_classification/SK-GT-4.input --ref GRCh38 -o /nucleus/projects/cancer_cell_lines/WGS/Contino_EAC_cell_lines/AA_outputs/SK-GT-4/SK-GT-4_classification/SK-GT-4 --report_complexity
reading /nucleus/libs/AmpliconArchitect/release/indexed//GRCh38/Genes_hg38.gff
read 22998 genes

SK-GT-4 amplicon1
SK-GT-4 amplicon2
Classification stage completed
Writing outputs...
done
2022-09-07 01:11:59.953063
PrepareAA version 0.1203.12

Matched /nucleus/projects/cancer_cell_lines/WGS/Contino_EAC_cell_lines/align_and_cnv/ERR1414283/ERR1414283.cs.rmdup.bam to reference genome GRCh38
Running PrepareAA on sample: SK-GT-4
/nucleus/projects/cancer_cell_lines/WGS/Contino_EAC_cell_lines/align_and_cnv/ERR1414283/ERR1414283.cs.rmdup.bam: 1033132617 + 0 properly paired (90.86%:-nan%)
WARNING: BAM FILE PROPERLY PAIRED RATE IS BELOW 95%.
Quality of data may be insufficient for AA analysis. Poorly controlled insert size distribution during sample prep can cause high fractions of read pairs to be marked as discordant during alignment. Artifactual short SVs and long runtimes may occur!


Running amplified_intervals
python /home/jluebeck/dev/AmpliconArchitect/src/amplified_intervals.py --ref GRCh38 --bed /nucleus/projects/cancer_cell_lines/WGS/Contino_EAC_cell_lines/AA_outputs/SK-GT-4//ERR1414283.cs.rmdup_CNV_CALLS_pre_filtered.bed --bam /nucleus/projects/cancer_cell_lines/WGS/Contino_EAC_cell_lines/align_and_cnv/ERR1414283/ERR1414283.cs.rmdup.bam --gain 4.5 --cnsize_min 50000 --out /nucleus/projects/cancer_cell_lines/WGS/Contino_EAC_cell_lines/AA_outputs/SK-GT-4/SK-GT-4_AA_CNV_SEEDS
python /home/jluebeck/dev/AmpliconArchitect/src/AmpliconArchitect.py --ref GRCh38 --downsample 10 --bed /nucleus/projects/cancer_cell_lines/WGS/Contino_EAC_cell_lines/AA_outputs/SK-GT-4/SK-GT-4_AA_CNV_SEEDS.bed --bam /nucleus/projects/cancer_cell_lines/WGS/Contino_EAC_cell_lines/align_and_cnv/ERR1414283/ERR1414283.cs.rmdup.bam --runmode FULL --extendmode EXPLORE --insert_sdevs 3.0 --out /nucleus/projects/cancer_cell_lines/WGS/Contino_EAC_cell_lines/AA_outputs/SK-GT-4/SK-GT-4_AA_results//SK-GT-4

Running AC
/home/jluebeck/ecDNA/AmpliconClassifier/make_input.sh /nucleus/projects/cancer_cell_lines/WGS/Contino_EAC_cell_lines/AA_outputs/SK-GT-4/SK-GT-4_AA_results/ /nucleus/projects/cancer_cell_lines/WGS/Contino_EAC_cell_lines/AA_outputs/SK-GT-4/SK-GT-4_classification/SK-GT-4
python3 /home/jluebeck/ecDNA/AmpliconClassifier/amplicon_classifier.py -i /nucleus/projects/cancer_cell_lines/WGS/Contino_EAC_cell_lines/AA_outputs/SK-GT-4/SK-GT-4_classification/SK-GT-4.input --ref GRCh38 -o /nucleus/projects/cancer_cell_lines/WGS/Contino_EAC_cell_lines/AA_outputs/SK-GT-4/SK-GT-4_classification/SK-GT-4 --report_complexity
python3 /home/jluebeck/ecDNA/AmpliconClassifier/make_results_table.py -i /nucleus/projects/cancer_cell_lines/WGS/Contino_EAC_cell_lines/AA_outputs/SK-GT-4/SK-GT-4_classification/SK-GT-4.input --classification_file /nucleus/projects/cancer_cell_lines/WGS/Contino_EAC_cell_lines/AA_outputs/SK-GT-4/SK-GT-4_classification/SK-GT-4_amplicon_classification_profiles.tsv --cnv_bed /nucleus/projects/cancer_cell_lines/WGS/Contino_EAC_cell_lines/AA_outputs/SK-GT-4/ERR1414283.cs.rmdup_CNV_CALLS.bed --metadata_dict /nucleus/projects/cancer_cell_lines/WGS/Contino_EAC_cell_lines/AA_outputs/SK-GT-4/SK-GT-4_run_metadata.json
Completed

2022-09-07 02:13:50.881045
Wed Sep  7 02:13:51 PDT 2022
