Wed Sep  7 00:27:01 PDT 2022
genome-workhorse0.priv
Global ref name is GRCh38
[root:INFO]	Commandline: /home/jluebeck/dev/AmpliconArchitect/src/AmpliconArchitect.py --ref GRCh38 --downsample 10 --bed /nucleus/projects/cancer_cell_lines/WGS/Contino_EAC_cell_lines/AA_outputs/OE33/OE33_AA_CNV_SEEDS.bed --bam /nucleus/projects/cancer_cell_lines/WGS/Contino_EAC_cell_lines/align_and_cnv/ERR1414284/ERR1414284.cs.rmdup.bam --runmode FULL --extendmode EXPLORE --insert_sdevs 3.0 --out /nucleus/projects/cancer_cell_lines/WGS/Contino_EAC_cell_lines/AA_outputs/OE33/OE33_AA_results//OE33 
[root:INFO]	AmpliconArchitect version 1.3.r1

[root:INFO]	Python version 2.7.12 (default, Mar  1 2021, 11:38:31) 
[GCC 5.4.0 20160609]

[root:INFO]	#TIME 0.269	Loading libraries and reference annotations for: GRCh38
Global ref name is GRCh38
[root:INFO]	#TIME 3.063	Initiating bam_to_breakpoint object for: /nucleus/projects/cancer_cell_lines/WGS/Contino_EAC_cell_lines/align_and_cnv/ERR1414284/ERR1414284.cs.rmdup.bam
[root:INFO]	#TIME 3.065	Reusing cstats from /nucleus/libs/AmpliconArchitect/release/indexed/coverage.stats
[root:INFO]	#TIME 3.067	Exploring interval: chr7	109786210	120486083
[root:INFO]	#TIME 200.286	 Calculating coverage meanshift segmentation
[root:INFO]	#TIME 808.743	 Detecting breakpoint edges (interval neighbors)
[root:INFO]	#TIME 1328.765	 Selecting neighbors
[root:INFO]	#TIME 1824.363	 New neighbor: chr5	3234197	3254696	15 (weight=15)
[root:INFO]	#TIME 1824.364	 New neighbor: chr12	107808986	107819486	17 (weight=17)
[root:INFO]	#TIME 1828.511	 Calculating coverage meanshift segmentation
[root:INFO]	#TIME 1902.170	 Detecting breakpoint edges (interval neighbors)
[root:INFO]	#TIME 1905.815	 Selecting neighbors
[root:INFO]	#TIME 1906.349	 Calculating coverage meanshift segmentation
[root:INFO]	#TIME 1975.733	 Detecting breakpoint edges (interval neighbors)
[root:INFO]	#TIME 1984.022	 Selecting neighbors
[root:INFO]	#TIME 1985.681	Exploring interval: chr8	127253811	127308812
[root:INFO]	#TIME 1998.394	 Calculating coverage meanshift segmentation
[root:INFO]	#TIME 2124.414	 Detecting breakpoint edges (interval neighbors)
[root:INFO]	#TIME 2127.881	 Selecting neighbors
[root:INFO]	#TIME 2130.920	Exploring interval: chr17	29186044	29856064
[root:INFO]	#TIME 2561.484	 Calculating coverage meanshift segmentation
[root:INFO]	#TIME 2764.405	 Detecting breakpoint edges (interval neighbors)
[root:INFO]	#TIME 2790.074	 Selecting neighbors
[root:INFO]	#TIME 2790.111	Exploring interval: chr17	37251273	40076355
[root:INFO]	#TIME 2839.814	 Calculating coverage meanshift segmentation
[root:INFO]	#TIME 3523.012	 Detecting breakpoint edges (interval neighbors)
[root:INFO]	#TIME 3960.756	 Selecting neighbors
[root:INFO]	#TIME 4078.836	Exploring interval: chr17	41216386	41906407
[root:INFO]	#TIME 4082.038	 Calculating coverage meanshift segmentation
[root:INFO]	#TIME 4091.392	 Detecting breakpoint edges (interval neighbors)
[root:INFO]	#TIME 4373.310	 Selecting neighbors
[root:INFO]	#TIME 4373.424	 New neighbor: chr17	37151273	42896355	228 (weight=228)
[root:INFO]	#TIME 4373.667	 Calculating coverage meanshift segmentation
[root:INFO]	#TIME 4373.670	 Detecting breakpoint edges (interval neighbors)
[root:INFO]	#TIME 4373.671	 Selecting neighbors
[root:INFO]	#TIME 4373.837	Exploring interval: chrX	133620042	133785052
[root:INFO]	#TIME 4445.908	 Calculating coverage meanshift segmentation
[root:INFO]	#TIME 4543.567	 Detecting breakpoint edges (interval neighbors)
[root:INFO]	#TIME 4547.074	 Selecting neighbors
[root:INFO]	#TIME 4547.075	Interval sets for amplicons determined: 
[root:INFO]	[amplicon1]	chr5:3234197-3254696,chr7:109746210-120586083,chr12:107808986-107819486
[root:INFO]	[amplicon2]	chr8:127253811-127308812
[root:INFO]	[amplicon3]	chr17:29186044-29956064
[root:INFO]	[amplicon4]	chr17:37151273-42896355
[root:INFO]	[amplicon5]	chrX:133600042-133805052
[root:INFO]	#TIME 4547.083	Reconstructing amplicon1
[root:INFO]	#TIME 4547.084	 Calculating coverage meanshift segmentation
[root:INFO]	#TIME 4547.154	 Detecting breakpoint edges (interval filter vertices)
[root:INFO]	#TIME 5107.883	 Building breakpoint graph
[root:INFO]	#TIME 5117.159	 Optimizing graph copy number flow
[root:INFO]	#TIME 5833.721	 Plotting SV View
[root:INFO]	#TIME 5836.543	Plotting SV View for amplicon1
/usr/local/lib/python2.7/dist-packages/matplotlib/font_manager.py:1331: UserWarning: findfont: Font family [u'sans-serif'] not found. Falling back to DejaVu Sans
  (prop.get_family(), self.defaultFamily[fontext]))
[root:INFO]	#TIME 5885.167	Reconstructing amplicon2
[root:INFO]	#TIME 5885.169	 Calculating coverage meanshift segmentation
[root:INFO]	#TIME 5885.171	 Detecting breakpoint edges (interval filter vertices)
[root:INFO]	#TIME 5885.173	 Building breakpoint graph
[root:INFO]	#TIME 5885.201	 Optimizing graph copy number flow
[root:INFO]	#TIME 5886.860	 Plotting SV View
[root:INFO]	#TIME 5886.862	Plotting SV View for amplicon2
[root:INFO]	#TIME 5898.362	Reconstructing amplicon3
[root:INFO]	#TIME 5898.365	 Calculating coverage meanshift segmentation
[root:INFO]	#TIME 5898.367	 Detecting breakpoint edges (interval filter vertices)
[root:INFO]	#TIME 5898.370	 Building breakpoint graph
[root:INFO]	#TIME 5898.725	 Optimizing graph copy number flow
[root:INFO]	#TIME 5931.677	 Plotting SV View
[root:INFO]	#TIME 5931.688	Plotting SV View for amplicon3
[root:INFO]	#TIME 6103.034	Reconstructing amplicon4
[root:INFO]	#TIME 6103.036	 Calculating coverage meanshift segmentation
[root:INFO]	#TIME 6103.038	 Detecting breakpoint edges (interval filter vertices)
[root:INFO]	#TIME 6125.212	 Building breakpoint graph
[root:INFO]	#TIME 6134.640	 Optimizing graph copy number flow
[root:INFO]	#TIME 6465.923	 Plotting SV View
[root:INFO]	#TIME 6467.509	Plotting SV View for amplicon4
[root:INFO]	#TIME 6471.578	Reconstructing amplicon5
[root:INFO]	#TIME 6471.580	 Calculating coverage meanshift segmentation
[root:INFO]	#TIME 6471.582	 Detecting breakpoint edges (interval filter vertices)
[root:INFO]	#TIME 6473.091	 Building breakpoint graph
[root:INFO]	#TIME 6473.307	 Optimizing graph copy number flow
[root:INFO]	#TIME 6477.029	 Plotting SV View
[root:INFO]	#TIME 6477.034	Plotting SV View for amplicon5
[root:INFO]	#TIME 6503.942	Total Runtime
AmpliconClassifier 0.4.11
/home/jluebeck/ecDNA/AmpliconClassifier/amplicon_classifier.py -i /nucleus/projects/cancer_cell_lines/WGS/Contino_EAC_cell_lines/AA_outputs/OE33/OE33_classification/OE33.input --ref GRCh38 -o /nucleus/projects/cancer_cell_lines/WGS/Contino_EAC_cell_lines/AA_outputs/OE33/OE33_classification/OE33 --report_complexity
reading /nucleus/libs/AmpliconArchitect/release/indexed//GRCh38/Genes_hg38.gff
read 22998 genes

OE33 amplicon1
OE33 amplicon2
OE33 amplicon3
OE33 amplicon4
OE33 amplicon5
Classification stage completed
Writing outputs...
done
2022-09-07 00:27:02.360461
PrepareAA version 0.1203.12

Matched /nucleus/projects/cancer_cell_lines/WGS/Contino_EAC_cell_lines/align_and_cnv/ERR1414284/ERR1414284.cs.rmdup.bam to reference genome GRCh38
Running PrepareAA on sample: OE33
/nucleus/projects/cancer_cell_lines/WGS/Contino_EAC_cell_lines/align_and_cnv/ERR1414284/ERR1414284.cs.rmdup.bam: 1163211796 + 0 properly paired (97.49%:-nan%)

Running amplified_intervals
python /home/jluebeck/dev/AmpliconArchitect/src/amplified_intervals.py --ref GRCh38 --bed /nucleus/projects/cancer_cell_lines/WGS/Contino_EAC_cell_lines/AA_outputs/OE33//ERR1414284.cs.rmdup_CNV_CALLS_pre_filtered.bed --bam /nucleus/projects/cancer_cell_lines/WGS/Contino_EAC_cell_lines/align_and_cnv/ERR1414284/ERR1414284.cs.rmdup.bam --gain 4.5 --cnsize_min 50000 --out /nucleus/projects/cancer_cell_lines/WGS/Contino_EAC_cell_lines/AA_outputs/OE33/OE33_AA_CNV_SEEDS
python /home/jluebeck/dev/AmpliconArchitect/src/AmpliconArchitect.py --ref GRCh38 --downsample 10 --bed /nucleus/projects/cancer_cell_lines/WGS/Contino_EAC_cell_lines/AA_outputs/OE33/OE33_AA_CNV_SEEDS.bed --bam /nucleus/projects/cancer_cell_lines/WGS/Contino_EAC_cell_lines/align_and_cnv/ERR1414284/ERR1414284.cs.rmdup.bam --runmode FULL --extendmode EXPLORE --insert_sdevs 3.0 --out /nucleus/projects/cancer_cell_lines/WGS/Contino_EAC_cell_lines/AA_outputs/OE33/OE33_AA_results//OE33

Running AC
/home/jluebeck/ecDNA/AmpliconClassifier/make_input.sh /nucleus/projects/cancer_cell_lines/WGS/Contino_EAC_cell_lines/AA_outputs/OE33/OE33_AA_results/ /nucleus/projects/cancer_cell_lines/WGS/Contino_EAC_cell_lines/AA_outputs/OE33/OE33_classification/OE33
python3 /home/jluebeck/ecDNA/AmpliconClassifier/amplicon_classifier.py -i /nucleus/projects/cancer_cell_lines/WGS/Contino_EAC_cell_lines/AA_outputs/OE33/OE33_classification/OE33.input --ref GRCh38 -o /nucleus/projects/cancer_cell_lines/WGS/Contino_EAC_cell_lines/AA_outputs/OE33/OE33_classification/OE33 --report_complexity
python3 /home/jluebeck/ecDNA/AmpliconClassifier/make_results_table.py -i /nucleus/projects/cancer_cell_lines/WGS/Contino_EAC_cell_lines/AA_outputs/OE33/OE33_classification/OE33.input --classification_file /nucleus/projects/cancer_cell_lines/WGS/Contino_EAC_cell_lines/AA_outputs/OE33/OE33_classification/OE33_amplicon_classification_profiles.tsv --cnv_bed /nucleus/projects/cancer_cell_lines/WGS/Contino_EAC_cell_lines/AA_outputs/OE33/ERR1414284.cs.rmdup_CNV_CALLS.bed --metadata_dict /nucleus/projects/cancer_cell_lines/WGS/Contino_EAC_cell_lines/AA_outputs/OE33/OE33_run_metadata.json
Completed

2022-09-07 02:37:30.907130
Wed Sep  7 02:37:31 PDT 2022
