Fri Sep 16 12:50:35 PDT 2022
genome-workhorse0.priv
Global ref name is GRCh38
[root:INFO]	Commandline: /home/jluebeck/dev/AmpliconArchitect/src/AmpliconArchitect.py --ref GRCh38 --downsample 10 --bed /nucleus/projects/cancer_cell_lines/WGS/Contino_EAC_cell_lines/AA_outputs/OACM5.1/OACM5.1_AA_CNV_SEEDS.bed --bam /nucleus/projects/cancer_cell_lines/WGS/Contino_EAC_cell_lines/align_and_cnv/ERR1414286/ERR1414286.cs.rmdup.bam --runmode FULL --extendmode EXPLORE --insert_sdevs 3.0 --out /nucleus/projects/cancer_cell_lines/WGS/Contino_EAC_cell_lines/AA_outputs/OACM5.1/OACM5.1_AA_results//OACM5.1 
[root:INFO]	AmpliconArchitect version 1.3.r1

[root:INFO]	Python version 2.7.12 (default, Mar  1 2021, 11:38:31) 
[GCC 5.4.0 20160609]

[root:INFO]	#TIME 0.308	Loading libraries and reference annotations for: GRCh38
Global ref name is GRCh38
[root:INFO]	#TIME 3.331	Initiating bam_to_breakpoint object for: /nucleus/projects/cancer_cell_lines/WGS/Contino_EAC_cell_lines/align_and_cnv/ERR1414286/ERR1414286.cs.rmdup.bam
[root:INFO]	#TIME 3.333	Reusing cstats from /nucleus/libs/AmpliconArchitect/release/indexed/coverage.stats
[root:INFO]	#TIME 3.335	Exploring interval: chr7	93056411	93261410
[root:INFO]	#TIME 95.030	 Calculating coverage meanshift segmentation
[root:INFO]	#TIME 194.323	 Detecting breakpoint edges (interval neighbors)
[root:INFO]	#TIME 238.123	 Selecting neighbors
[root:INFO]	#TIME 319.474	 New neighbor: chr7	105841258	112451179	19 (weight=19)
[root:INFO]	#TIME 319.475	 New neighbor: chr7	116671459	116692006	12 (weight=12)
[root:INFO]	#TIME 319.476	 New neighbor: chr7	119806576	119827123	5 (weight=5)
[root:INFO]	#TIME 319.477	 New neighbor: chr7	120104331	120134877	14 (weight=14)
[root:INFO]	#TIME 320.461	 Calculating coverage meanshift segmentation
[root:INFO]	#TIME 409.492	 Detecting breakpoint edges (interval neighbors)
[root:INFO]	#TIME 418.094	 Selecting neighbors
[root:INFO]	#TIME 419.421	 Calculating coverage meanshift segmentation
[root:INFO]	#TIME 457.141	 Detecting breakpoint edges (interval neighbors)
[root:INFO]	#TIME 472.601	 Selecting neighbors
[root:INFO]	#TIME 474.755	 New neighbor: chr7	115368865	115379412	12 (weight=12)
[root:INFO]	#TIME 478.302	 Calculating coverage meanshift segmentation
[root:INFO]	#TIME 488.707	 Detecting breakpoint edges (interval neighbors)
[root:INFO]	#TIME 492.182	 Selecting neighbors
[root:INFO]	#TIME 493.112	 Calculating coverage meanshift segmentation
[root:INFO]	#TIME 493.148	 Detecting breakpoint edges (interval neighbors)
[root:INFO]	#TIME 495.963	 Selecting neighbors
[root:INFO]	#TIME 495.965	Exploring interval: chr7	105841258	112451179
[root:INFO]	#TIME 511.624	 Calculating coverage meanshift segmentation
[root:INFO]	#TIME 860.115	 Detecting breakpoint edges (interval neighbors)
[root:INFO]	#TIME 1101.064	 Selecting neighbors
[root:INFO]	#TIME 1321.467	 New neighbor: chr7	93046411	93271410	19 (weight=19)
[root:INFO]	#TIME 1321.480	Interval sets for amplicons determined: 
[root:INFO]	[amplicon1]	chr7:93046411-93271410,chr7:105821258-112551179,chr7:115368865-115379412,chr7:116671459-116692006,chr7:119806576-119827123,chr7:120104331-120134877
[root:INFO]	#TIME 1321.486	Reconstructing amplicon1
[root:INFO]	#TIME 1321.487	 Calculating coverage meanshift segmentation
[root:INFO]	#TIME 1322.142	 Detecting breakpoint edges (interval filter vertices)
[root:INFO]	#TIME 1615.480	 Building breakpoint graph
[root:INFO]	#TIME 1622.009	 Optimizing graph copy number flow
[root:INFO]	#TIME 1862.387	 Plotting SV View
[root:INFO]	#TIME 1882.235	Plotting SV View for amplicon1
/usr/local/lib/python2.7/dist-packages/matplotlib/font_manager.py:1331: UserWarning: findfont: Font family [u'sans-serif'] not found. Falling back to DejaVu Sans
  (prop.get_family(), self.defaultFamily[fontext]))
[root:INFO]	#TIME 2000.378	Total Runtime
AmpliconClassifier 0.4.11
/home/jluebeck/ecDNA/AmpliconClassifier/amplicon_classifier.py -i /nucleus/projects/cancer_cell_lines/WGS/Contino_EAC_cell_lines/AA_outputs/OACM5.1/OACM5.1_classification/OACM5.1.input --ref GRCh38 -o /nucleus/projects/cancer_cell_lines/WGS/Contino_EAC_cell_lines/AA_outputs/OACM5.1/OACM5.1_classification/OACM5.1 --report_complexity
reading /nucleus/libs/AmpliconArchitect/release/indexed//GRCh38/Genes_hg38.gff
read 22998 genes

OACM5.1 amplicon1
Classification stage completed
Writing outputs...
done
2022-09-16 12:50:35.439691
PrepareAA version 0.1203.12

Matched /nucleus/projects/cancer_cell_lines/WGS/Contino_EAC_cell_lines/align_and_cnv/ERR1414286/ERR1414286.cs.rmdup.bam to reference genome GRCh38
Running PrepareAA on sample: OACM5.1
/nucleus/projects/cancer_cell_lines/WGS/Contino_EAC_cell_lines/align_and_cnv/ERR1414286/ERR1414286.cs.rmdup.bam: 1001415903 + 0 properly paired (89.84%:-nan%)
WARNING: BAM FILE PROPERLY PAIRED RATE IS BELOW 95%.
Quality of data may be insufficient for AA analysis. Poorly controlled insert size distribution during sample prep can cause high fractions of read pairs to be marked as discordant during alignment. Artifactual short SVs and long runtimes may occur!


Running amplified_intervals
python /home/jluebeck/dev/AmpliconArchitect/src/amplified_intervals.py --ref GRCh38 --bed /nucleus/projects/cancer_cell_lines/WGS/Contino_EAC_cell_lines/AA_outputs/OACM5.1//ERR1414286.cs.rmdup_CNV_CALLS_pre_filtered.bed --bam /nucleus/projects/cancer_cell_lines/WGS/Contino_EAC_cell_lines/align_and_cnv/ERR1414286/ERR1414286.cs.rmdup.bam --gain 4.5 --cnsize_min 50000 --out /nucleus/projects/cancer_cell_lines/WGS/Contino_EAC_cell_lines/AA_outputs/OACM5.1/OACM5.1_AA_CNV_SEEDS
python /home/jluebeck/dev/AmpliconArchitect/src/AmpliconArchitect.py --ref GRCh38 --downsample 10 --bed /nucleus/projects/cancer_cell_lines/WGS/Contino_EAC_cell_lines/AA_outputs/OACM5.1/OACM5.1_AA_CNV_SEEDS.bed --bam /nucleus/projects/cancer_cell_lines/WGS/Contino_EAC_cell_lines/align_and_cnv/ERR1414286/ERR1414286.cs.rmdup.bam --runmode FULL --extendmode EXPLORE --insert_sdevs 3.0 --out /nucleus/projects/cancer_cell_lines/WGS/Contino_EAC_cell_lines/AA_outputs/OACM5.1/OACM5.1_AA_results//OACM5.1

Running AC
/home/jluebeck/ecDNA/AmpliconClassifier/make_input.sh /nucleus/projects/cancer_cell_lines/WGS/Contino_EAC_cell_lines/AA_outputs/OACM5.1/OACM5.1_AA_results/ /nucleus/projects/cancer_cell_lines/WGS/Contino_EAC_cell_lines/AA_outputs/OACM5.1/OACM5.1_classification/OACM5.1
python3 /home/jluebeck/ecDNA/AmpliconClassifier/amplicon_classifier.py -i /nucleus/projects/cancer_cell_lines/WGS/Contino_EAC_cell_lines/AA_outputs/OACM5.1/OACM5.1_classification/OACM5.1.input --ref GRCh38 -o /nucleus/projects/cancer_cell_lines/WGS/Contino_EAC_cell_lines/AA_outputs/OACM5.1/OACM5.1_classification/OACM5.1 --report_complexity
python3 /home/jluebeck/ecDNA/AmpliconClassifier/make_results_table.py -i /nucleus/projects/cancer_cell_lines/WGS/Contino_EAC_cell_lines/AA_outputs/OACM5.1/OACM5.1_classification/OACM5.1.input --classification_file /nucleus/projects/cancer_cell_lines/WGS/Contino_EAC_cell_lines/AA_outputs/OACM5.1/OACM5.1_classification/OACM5.1_amplicon_classification_profiles.tsv --cnv_bed /nucleus/projects/cancer_cell_lines/WGS/Contino_EAC_cell_lines/AA_outputs/OACM5.1/ERR1414286.cs.rmdup_CNV_CALLS.bed --metadata_dict /nucleus/projects/cancer_cell_lines/WGS/Contino_EAC_cell_lines/AA_outputs/OACM5.1/OACM5.1_run_metadata.json
Completed

2022-09-16 13:52:43.736971
Fri Sep 16 13:52:43 PDT 2022
